<?xml version="1.0" encoding="UTF-8"?>
<!-- Generated by org.testng.reporters.JUnitReportReporter -->
<testsuite skipped="0" hostname="frappuchino-mbp" name="TestCases.TC_Registration" tests="1" failures="0" timestamp="2021-07-21T01:44:37 PST" time="4.009" errors="0">
  <testcase name="UserRegistration" time="4.009" classname="TestCases.TC_Registration"/>
  <system-out/>
</testsuite> <!-- TestCases.TC_Registration -->
