<?xml version="1.0" encoding="UTF-8"?>
<!-- Generated by org.testng.reporters.JUnitReportReporter -->
<testsuite skipped="0" hostname="frappuchino-mbp" name="TestCases.TC_CreateOrder" tests="4" failures="0" timestamp="2021-07-21T01:44:37 PST" time="27.848" errors="0">
  <testcase name="Payment" time="8.734" classname="TestCases.TC_CreateOrder"/>
  <system-out/>
  <testcase name="LoginTest" time="4.463" classname="TestCases.TC_CreateOrder"/>
  <system-out/>
  <testcase name="Address" time="9.846" classname="TestCases.TC_CreateOrder"/>
  <system-out/>
  <testcase name="SelectProduct" time="4.805" classname="TestCases.TC_CreateOrder"/>
  <system-out/>
</testsuite> <!-- TestCases.TC_CreateOrder -->
