<?xml version="1.0" encoding="UTF-8"?>
<!-- Generated by org.testng.reporters.JUnitReportReporter -->
<testsuite skipped="0" hostname="frappuchino-mbp" name="TestCases.TC_LoginTest" tests="1" failures="0" timestamp="2021-07-18T22:20:31 PST" time="3.636" errors="0">
  <testcase name="UserLogin" time="3.636" classname="TestCases.TC_LoginTest"/>
  <system-out/>
</testsuite> <!-- TestCases.TC_LoginTest -->
