<?xml version="1.0" encoding="UTF-8"?>
<!-- Generated by org.testng.reporters.JUnitReportReporter -->
<testsuite skipped="0" hostname="frappuchino-mbp" name="TestCases.TC_UserRegistration_001" tests="1" failures="0" timestamp="2021-07-18T21:56:21 PST" time="4.488" errors="0">
  <testcase name="UserRegistration" time="4.488" classname="TestCases.TC_UserRegistration_001"/>
  <system-out/>
</testsuite> <!-- TestCases.TC_UserRegistration_001 -->
